Started GET "/" for ::1 at 2020-02-15 15:31:43 +0900
  [1m[35m (1.5ms)[0m  [1m[34mSELECT "schema_migrations"."version" FROM "schema_migrations" ORDER BY "schema_migrations"."version" ASC[0m
  â†³ /Users/YoshimasaIshino/.rbenv/versions/2.5.0/lib/ruby/gems/2.5.0/gems/activerecord-5.2.4.1/lib/active_record/log_subscriber.rb:98
Processing by HomeController#top as HTML
  [1m[36mUser Load (1.2ms)[0m  [1m[34mSELECT  "users".* FROM "users" WHERE "users"."id" IS NULL LIMIT ?[0m  [["LIMIT", 1]]
  â†³ app/controllers/application_controller.rb:5
  Rendering home/top.html.erb within layouts/application
  Rendered home/top.html.erb within layouts/application (3.8ms)
Completed 200 OK in 915ms (Views: 886.7ms | ActiveRecord: 1.7ms)


Started GET "/" for ::1 at 2020-02-15 15:32:24 +0900
Processing by HomeController#top as HTML
  [1m[36mUser Load (0.9ms)[0m  [1m[34mSELECT  "users".* FROM "users" WHERE "users"."id" IS NULL LIMIT ?[0m  [["LIMIT", 1]]
  â†³ app/controllers/application_controller.rb:5
  Rendering home/top.html.erb within layouts/application
  Rendered home/top.html.erb within layouts/application (3.9ms)
Completed 200 OK in 132ms (Views: 117.1ms | ActiveRecord: 0.9ms)


Started GET "/login" for ::1 at 2020-02-15 15:33:13 +0900
Processing by UsersController#login_form as HTML
  [1m[36mUser Load (0.4ms)[0m  [1m[34mSELECT  "users".* FROM "users" WHERE "users"."id" IS NULL LIMIT ?[0m  [["LIMIT", 1]]
  â†³ app/controllers/application_controller.rb:5
  Rendering users/login_form.html.erb within layouts/application
  Rendered users/login_form.html.erb within layouts/application (2.1ms)
Completed 200 OK in 65ms (Views: 60.1ms | ActiveRecord: 0.4ms)


Started GET "/" for ::1 at 2020-02-15 15:33:15 +0900
Processing by HomeController#top as HTML
  [1m[36mUser Load (0.3ms)[0m  [1m[34mSELECT  "users".* FROM "users" WHERE "users"."id" IS NULL LIMIT ?[0m  [["LIMIT", 1]]
  â†³ app/controllers/application_controller.rb:5
  Rendering home/top.html.erb within layouts/application
  Rendered home/top.html.erb within layouts/application (2.1ms)
Completed 200 OK in 99ms (Views: 83.2ms | ActiveRecord: 0.3ms)


Started GET "/" for ::1 at 2020-02-15 15:36:40 +0900
Processing by HomeController#top as HTML
  [1m[36mUser Load (0.4ms)[0m  [1m[34mSELECT  "users".* FROM "users" WHERE "users"."id" IS NULL LIMIT ?[0m  [["LIMIT", 1]]
  â†³ app/controllers/application_controller.rb:5
  Rendering home/top.html.erb within layouts/application
  Rendered home/top.html.erb within layouts/application (0.6ms)
Completed 200 OK in 73ms (Views: 65.6ms | ActiveRecord: 0.4ms)


Started GET "/" for ::1 at 2020-02-15 15:37:58 +0900
Processing by HomeController#top as HTML
  [1m[36mUser Load (0.1ms)[0m  [1m[34mSELECT  "users".* FROM "users" WHERE "users"."id" IS NULL LIMIT ?[0m  [["LIMIT", 1]]
  â†³ app/controllers/application_controller.rb:5
  Rendering home/top.html.erb within layouts/application
  Rendered home/top.html.erb within layouts/application (0.6ms)
Completed 200 OK in 84ms (Views: 76.9ms | ActiveRecord: 0.1ms)


Started GET "/login" for ::1 at 2020-02-15 15:37:59 +0900
Processing by UsersController#login_form as HTML
  [1m[36mUser Load (0.4ms)[0m  [1m[34mSELECT  "users".* FROM "users" WHERE "users"."id" IS NULL LIMIT ?[0m  [["LIMIT", 1]]
  â†³ app/controllers/application_controller.rb:5
  Rendering users/login_form.html.erb within layouts/application
  Rendered users/login_form.html.erb within layouts/application (2.3ms)
Completed 200 OK in 117ms (Views: 92.9ms | ActiveRecord: 0.4ms)


Started POST "/login" for ::1 at 2020-02-15 15:38:03 +0900
Processing by UsersController#login as HTML
  Parameters: {"utf8"=>"âœ“", "authenticity_token"=>"irJgHwgAgFDoJGkHHqZng19yjkRAe1Xm417a55bstK/QRiS1puGxlkOa0PMEIs/wVf8yU1Ta3Vxn73DbBr+gzw==", "email"=>"123@gmail.com", "password"=>"[FILTERED]"}
  [1m[36mUser Load (0.2ms)[0m  [1m[34mSELECT  "users".* FROM "users" WHERE "users"."id" IS NULL LIMIT ?[0m  [["LIMIT", 1]]
  â†³ app/controllers/application_controller.rb:5
  [1m[36mUser Load (0.4ms)[0m  [1m[34mSELECT  "users".* FROM "users" WHERE "users"."email" = ? AND "users"."password" = ? LIMIT ?[0m  [["email", "123@gmail.com"], ["password", "111"], ["LIMIT", 1]]
  â†³ app/controllers/users_controller.rb:32
Redirected to http://localhost:3000/users/3/index
Completed 302 Found in 22ms (ActiveRecord: 1.7ms)


Started GET "/users/3/index" for ::1 at 2020-02-15 15:38:03 +0900
Processing by UsersController#index as HTML
  Parameters: {"id"=>"3"}
  [1m[36mUser Load (0.5ms)[0m  [1m[34mSELECT  "users".* FROM "users" WHERE "users"."id" = ? LIMIT ?[0m  [["id", 3], ["LIMIT", 1]]
  â†³ app/controllers/application_controller.rb:5
  [1m[36mUser Load (0.1ms)[0m  [1m[34mSELECT  "users".* FROM "users" WHERE "users"."id" = ? LIMIT ?[0m  [["id", 3], ["LIMIT", 1]]
  â†³ app/controllers/users_controller.rb:6
  Rendering users/index.html.erb within layouts/application
  [1m[36mCACHE User Load (0.0ms)[0m  [1m[34mSELECT  "users".* FROM "users" WHERE "users"."id" = ? LIMIT ?[0m  [["id", 3], ["LIMIT", 1]]
  â†³ app/views/users/index.html.erb:25
  [1m[36mPost Load (2.2ms)[0m  [1m[34mSELECT  "posts".* FROM "posts" ORDER BY "posts"."created_at" DESC LIMIT ? OFFSET ?[0m  [["LIMIT", 8], ["OFFSET", 0]]
  â†³ app/views/users/index.html.erb:36
  [1m[36mUser Load (0.2ms)[0m  [1m[34mSELECT  "users".* FROM "users" WHERE "users"."id" = ? LIMIT ?[0m  [["id", 4], ["LIMIT", 1]]
  â†³ app/views/users/index.html.erb:41
  [1m[36mLike Load (1.5ms)[0m  [1m[34mSELECT  "likes".* FROM "likes" WHERE "likes"."user_id" = ? AND "likes"."post_id" = ? LIMIT ?[0m  [["user_id", 3], ["post_id", 9], ["LIMIT", 1]]
  â†³ app/views/users/index.html.erb:55
  [1m[35m (0.3ms)[0m  [1m[34mSELECT COUNT(*) FROM "likes" WHERE "likes"."post_id" = ?[0m  [["post_id", 9]]
  â†³ app/views/users/index.html.erb:64
  [1m[36mUser Load (0.3ms)[0m  [1m[34mSELECT  "users".* FROM "users" WHERE "users"."id" = ? LIMIT ?[0m  [["id", 2], ["LIMIT", 1]]
  â†³ app/views/users/index.html.erb:41
  [1m[36mLike Load (0.3ms)[0m  [1m[34mSELECT  "likes".* FROM "likes" WHERE "likes"."user_id" = ? AND "likes"."post_id" = ? LIMIT ?[0m  [["user_id", 3], ["post_id", 2], ["LIMIT", 1]]
  â†³ app/views/users/index.html.erb:55
  [1m[35m (0.2ms)[0m  [1m[34mSELECT COUNT(*) FROM "likes" WHERE "likes"."post_id" = ?[0m  [["post_id", 2]]
  â†³ app/views/users/index.html.erb:64
  [1m[36mCACHE User Load (0.0ms)[0m  [1m[34mSELECT  "users".* FROM "users" WHERE "users"."id" = ? LIMIT ?[0m  [["id", 3], ["LIMIT", 1]]
  â†³ app/views/users/index.html.erb:41
  [1m[36mLike Load (0.1ms)[0m  [1m[34mSELECT  "likes".* FROM "likes" WHERE "likes"."user_id" = ? AND "likes"."post_id" = ? LIMIT ?[0m  [["user_id", 3], ["post_id", 8], ["LIMIT", 1]]
  â†³ app/views/users/index.html.erb:55
  [1m[35m (0.2ms)[0m  [1m[34mSELECT COUNT(*) FROM "likes" WHERE "likes"."post_id" = ?[0m  [["post_id", 8]]
  â†³ app/views/users/index.html.erb:64
  [1m[35m (0.1ms)[0m  [1m[34mSELECT COUNT(*) FROM "posts"[0m
  â†³ app/views/users/index.html.erb:69
  Rendered users/index.html.erb within layouts/application (113.3ms)
Completed 200 OK in 174ms (Views: 145.1ms | ActiveRecord: 7.5ms)


Started GET "/posts/3/new" for ::1 at 2020-02-15 15:38:10 +0900
Processing by PostsController#new as HTML
  Parameters: {"id"=>"3"}
  [1m[36mUser Load (0.2ms)[0m  [1m[34mSELECT  "users".* FROM "users" WHERE "users"."id" = ? LIMIT ?[0m  [["id", 3], ["LIMIT", 1]]
  â†³ app/controllers/application_controller.rb:5
  [1m[36mUser Load (0.1ms)[0m  [1m[34mSELECT  "users".* FROM "users" WHERE "users"."id" = ? LIMIT ?[0m  [["id", 3], ["LIMIT", 1]]
  â†³ app/controllers/posts_controller.rb:15
  Rendering posts/new.html.erb within layouts/application
  [1m[36mCACHE User Load (0.0ms)[0m  [1m[34mSELECT  "users".* FROM "users" WHERE "users"."id" = ? LIMIT ?[0m  [["id", 3], ["LIMIT", 1]]
  â†³ app/views/posts/new.html.erb:19
  Rendered posts/new.html.erb within layouts/application (5.8ms)
Completed 200 OK in 69ms (Views: 62.6ms | ActiveRecord: 0.3ms)


Started GET "/profile/3/regist" for ::1 at 2020-02-15 15:38:11 +0900
Processing by ProfileController#regist_form as HTML
  Parameters: {"id"=>"3"}
  [1m[36mUser Load (2.1ms)[0m  [1m[34mSELECT  "users".* FROM "users" WHERE "users"."id" = ? LIMIT ?[0m  [["id", 3], ["LIMIT", 1]]
  â†³ app/controllers/application_controller.rb:5
  [1m[36mUser Load (0.2ms)[0m  [1m[34mSELECT  "users".* FROM "users" WHERE "users"."id" = ? LIMIT ?[0m  [["id", 3], ["LIMIT", 1]]
  â†³ app/controllers/profile_controller.rb:9
  Rendering profile/regist_form.html.erb within layouts/application
  [1m[36mCACHE User Load (0.0ms)[0m  [1m[34mSELECT  "users".* FROM "users" WHERE "users"."id" = ? LIMIT ?[0m  [["id", 3], ["LIMIT", 1]]
  â†³ app/views/profile/regist_form.html.erb:19
  Rendered profile/regist_form.html.erb within layouts/application (2.8ms)
Completed 200 OK in 88ms (Views: 76.7ms | ActiveRecord: 2.3ms)


Started GET "/profile/3/confirm" for ::1 at 2020-02-15 15:38:13 +0900
Processing by ProfileController#confirm as HTML
  Parameters: {"id"=>"3"}
  [1m[36mUser Load (0.2ms)[0m  [1m[34mSELECT  "users".* FROM "users" WHERE "users"."id" = ? LIMIT ?[0m  [["id", 3], ["LIMIT", 1]]
  â†³ app/controllers/application_controller.rb:5
  [1m[36mUser Load (1.6ms)[0m  [1m[34mSELECT  "users".* FROM "users" WHERE "users"."id" = ? LIMIT ?[0m  [["id", 3], ["LIMIT", 1]]
  â†³ app/controllers/profile_controller.rb:31
  Rendering profile/confirm.html.erb within layouts/application
  [1m[36mCACHE User Load (0.0ms)[0m  [1m[34mSELECT  "users".* FROM "users" WHERE "users"."id" = ? LIMIT ?[0m  [["id", 3], ["LIMIT", 1]]
  â†³ app/views/profile/confirm.html.erb:19
  Rendered profile/confirm.html.erb within layouts/application (4.5ms)
Completed 200 OK in 152ms (Views: 130.8ms | ActiveRecord: 1.8ms)


Started GET "/users/3/index" for ::1 at 2020-02-15 15:38:16 +0900
Processing by UsersController#index as HTML
  Parameters: {"id"=>"3"}
  [1m[36mUser Load (0.4ms)[0m  [1m[34mSELECT  "users".* FROM "users" WHERE "users"."id" = ? LIMIT ?[0m  [["id", 3], ["LIMIT", 1]]
  â†³ app/controllers/application_controller.rb:5
  [1m[36mUser Load (0.2ms)[0m  [1m[34mSELECT  "users".* FROM "users" WHERE "users"."id" = ? LIMIT ?[0m  [["id", 3], ["LIMIT", 1]]
  â†³ app/controllers/users_controller.rb:6
  Rendering users/index.html.erb within layouts/application
  [1m[36mCACHE User Load (0.0ms)[0m  [1m[34mSELECT  "users".* FROM "users" WHERE "users"."id" = ? LIMIT ?[0m  [["id", 3], ["LIMIT", 1]]
  â†³ app/views/users/index.html.erb:25
  [1m[36mPost Load (0.5ms)[0m  [1m[34mSELECT  "posts".* FROM "posts" ORDER BY "posts"."created_at" DESC LIMIT ? OFFSET ?[0m  [["LIMIT", 8], ["OFFSET", 0]]
  â†³ app/views/users/index.html.erb:36
  [1m[36mUser Load (0.4ms)[0m  [1m[34mSELECT  "users".* FROM "users" WHERE "users"."id" = ? LIMIT ?[0m  [["id", 4], ["LIMIT", 1]]
  â†³ app/views/users/index.html.erb:41
  [1m[36mLike Load (0.5ms)[0m  [1m[34mSELECT  "likes".* FROM "likes" WHERE "likes"."user_id" = ? AND "likes"."post_id" = ? LIMIT ?[0m  [["user_id", 3], ["post_id", 9], ["LIMIT", 1]]
  â†³ app/views/users/index.html.erb:55
  [1m[35m (0.7ms)[0m  [1m[34mSELECT COUNT(*) FROM "likes" WHERE "likes"."post_id" = ?[0m  [["post_id", 9]]
  â†³ app/views/users/index.html.erb:64
  [1m[36mUser Load (0.3ms)[0m  [1m[34mSELECT  "users".* FROM "users" WHERE "users"."id" = ? LIMIT ?[0m  [["id", 2], ["LIMIT", 1]]
  â†³ app/views/users/index.html.erb:41
  [1m[36mLike Load (0.2ms)[0m  [1m[34mSELECT  "likes".* FROM "likes" WHERE "likes"."user_id" = ? AND "likes"."post_id" = ? LIMIT ?[0m  [["user_id", 3], ["post_id", 2], ["LIMIT", 1]]
  â†³ app/views/users/index.html.erb:55
  [1m[35m (0.8ms)[0m  [1m[34mSELECT COUNT(*) FROM "likes" WHERE "likes"."post_id" = ?[0m  [["post_id", 2]]
  â†³ app/views/users/index.html.erb:64
  [1m[36mCACHE User Load (0.1ms)[0m  [1m[34mSELECT  "users".* FROM "users" WHERE "users"."id" = ? LIMIT ?[0m  [["id", 3], ["LIMIT", 1]]
  â†³ app/views/users/index.html.erb:41
  [1m[36mLike Load (0.2ms)[0m  [1m[34mSELECT  "likes".* FROM "likes" WHERE "likes"."user_id" = ? AND "likes"."post_id" = ? LIMIT ?[0m  [["user_id", 3], ["post_id", 8], ["LIMIT", 1]]
  â†³ app/views/users/index.html.erb:55
  [1m[35m (0.3ms)[0m  [1m[34mSELECT COUNT(*) FROM "likes" WHERE "likes"."post_id" = ?[0m  [["post_id", 8]]
  â†³ app/views/users/index.html.erb:64
  [1m[35m (0.2ms)[0m  [1m[34mSELECT COUNT(*) FROM "posts"[0m
  â†³ app/views/users/index.html.erb:69
  Rendered users/index.html.erb within layouts/application (49.4ms)
Completed 200 OK in 117ms (Views: 98.2ms | ActiveRecord: 4.8ms)


Started GET "/posts/3/search?utf8=%E2%9C%93&search=%E3%83%91%E3%83%B3" for ::1 at 2020-02-15 15:38:19 +0900
Processing by PostsController#search as HTML
  Parameters: {"utf8"=>"âœ“", "search"=>"ãƒ‘ãƒ³", "id"=>"3"}
  [1m[36mUser Load (0.2ms)[0m  [1m[34mSELECT  "users".* FROM "users" WHERE "users"."id" = ? LIMIT ?[0m  [["id", 3], ["LIMIT", 1]]
  â†³ app/controllers/application_controller.rb:5
  Rendering posts/search.html.erb within layouts/application
  [1m[36mCACHE User Load (0.0ms)[0m  [1m[34mSELECT  "users".* FROM "users" WHERE "users"."id" = ? LIMIT ?[0m  [["id", 3], ["LIMIT", 1]]
  â†³ app/views/posts/search.html.erb:25
  [1m[36mPost Load (0.9ms)[0m  [1m[34mSELECT  "posts".* FROM "posts" WHERE (content LIKE '%ãƒ‘ãƒ³%') ORDER BY "posts"."created_at" DESC LIMIT ? OFFSET ?[0m  [["LIMIT", 8], ["OFFSET", 0]]
  â†³ app/views/posts/search.html.erb:36
  [1m[35m (0.2ms)[0m  [1m[34mSELECT COUNT(*) FROM "posts" WHERE (content LIKE '%ãƒ‘ãƒ³%')[0m
  â†³ app/views/posts/search.html.erb:67
  Rendered posts/search.html.erb within layouts/application (11.1ms)
Completed 200 OK in 57ms (Views: 48.2ms | ActiveRecord: 1.3ms)


Started GET "/users/3/index" for ::1 at 2020-02-15 15:38:21 +0900
Processing by UsersController#index as HTML
  Parameters: {"id"=>"3"}
  [1m[36mUser Load (0.2ms)[0m  [1m[34mSELECT  "users".* FROM "users" WHERE "users"."id" = ? LIMIT ?[0m  [["id", 3], ["LIMIT", 1]]
  â†³ app/controllers/application_controller.rb:5
  [1m[36mUser Load (0.1ms)[0m  [1m[34mSELECT  "users".* FROM "users" WHERE "users"."id" = ? LIMIT ?[0m  [["id", 3], ["LIMIT", 1]]
  â†³ app/controllers/users_controller.rb:6
  Rendering users/index.html.erb within layouts/application
  [1m[36mCACHE User Load (0.0ms)[0m  [1m[34mSELECT  "users".* FROM "users" WHERE "users"."id" = ? LIMIT ?[0m  [["id", 3], ["LIMIT", 1]]
  â†³ app/views/users/index.html.erb:25
  [1m[36mPost Load (0.2ms)[0m  [1m[34mSELECT  "posts".* FROM "posts" ORDER BY "posts"."created_at" DESC LIMIT ? OFFSET ?[0m  [["LIMIT", 8], ["OFFSET", 0]]
  â†³ app/views/users/index.html.erb:36
  [1m[36mUser Load (0.2ms)[0m  [1m[34mSELECT  "users".* FROM "users" WHERE "users"."id" = ? LIMIT ?[0m  [["id", 4], ["LIMIT", 1]]
  â†³ app/views/users/index.html.erb:41
  [1m[36mLike Load (0.1ms)[0m  [1m[34mSELECT  "likes".* FROM "likes" WHERE "likes"."user_id" = ? AND "likes"."post_id" = ? LIMIT ?[0m  [["user_id", 3], ["post_id", 9], ["LIMIT", 1]]
  â†³ app/views/users/index.html.erb:55
  [1m[35m (0.6ms)[0m  [1m[34mSELECT COUNT(*) FROM "likes" WHERE "likes"."post_id" = ?[0m  [["post_id", 9]]
  â†³ app/views/users/index.html.erb:64
  [1m[36mUser Load (0.3ms)[0m  [1m[34mSELECT  "users".* FROM "users" WHERE "users"."id" = ? LIMIT ?[0m  [["id", 2], ["LIMIT", 1]]
  â†³ app/views/users/index.html.erb:41
  [1m[36mLike Load (0.1ms)[0m  [1m[34mSELECT  "likes".* FROM "likes" WHERE "likes"."user_id" = ? AND "likes"."post_id" = ? LIMIT ?[0m  [["user_id", 3], ["post_id", 2], ["LIMIT", 1]]
  â†³ app/views/users/index.html.erb:55
  [1m[35m (0.2ms)[0m  [1m[34mSELECT COUNT(*) FROM "likes" WHERE "likes"."post_id" = ?[0m  [["post_id", 2]]
  â†³ app/views/users/index.html.erb:64
  [1m[36mCACHE User Load (0.0ms)[0m  [1m[34mSELECT  "users".* FROM "users" WHERE "users"."id" = ? LIMIT ?[0m  [["id", 3], ["LIMIT", 1]]
  â†³ app/views/users/index.html.erb:41
  [1m[36mLike Load (1.7ms)[0m  [1m[34mSELECT  "likes".* FROM "likes" WHERE "likes"."user_id" = ? AND "likes"."post_id" = ? LIMIT ?[0m  [["user_id", 3], ["post_id", 8], ["LIMIT", 1]]
  â†³ app/views/users/index.html.erb:55
  [1m[35m (0.3ms)[0m  [1m[34mSELECT COUNT(*) FROM "likes" WHERE "likes"."post_id" = ?[0m  [["post_id", 8]]
  â†³ app/views/users/index.html.erb:64
  [1m[35m (0.5ms)[0m  [1m[34mSELECT COUNT(*) FROM "posts"[0m
  â†³ app/views/users/index.html.erb:69
  Rendered users/index.html.erb within layouts/application (35.9ms)
Completed 200 OK in 79ms (Views: 70.1ms | ActiveRecord: 4.6ms)


Started GET "/profile/3" for ::1 at 2020-02-15 15:38:23 +0900
Processing by ProfileController#show as HTML
  Parameters: {"id"=>"3"}
  [1m[36mUser Load (0.3ms)[0m  [1m[34mSELECT  "users".* FROM "users" WHERE "users"."id" = ? LIMIT ?[0m  [["id", 3], ["LIMIT", 1]]
  â†³ app/controllers/application_controller.rb:5
  [1m[36mUser Load (0.2ms)[0m  [1m[34mSELECT  "users".* FROM "users" WHERE "users"."id" = ? LIMIT ?[0m  [["id", 3], ["LIMIT", 1]]
  â†³ app/controllers/profile_controller.rb:5
  Rendering profile/show.html.erb within layouts/application
  [1m[36mCACHE User Load (0.0ms)[0m  [1m[34mSELECT  "users".* FROM "users" WHERE "users"."id" = ? LIMIT ?[0m  [["id", 3], ["LIMIT", 1]]
  â†³ app/views/profile/show.html.erb:19
  Rendered profile/show.html.erb within layouts/application (2.7ms)
Completed 200 OK in 66ms (Views: 54.9ms | ActiveRecord: 0.5ms)


Started GET "/users/3/index" for ::1 at 2020-02-15 15:38:25 +0900
Processing by UsersController#index as HTML
  Parameters: {"id"=>"3"}
  [1m[36mUser Load (0.2ms)[0m  [1m[34mSELECT  "users".* FROM "users" WHERE "users"."id" = ? LIMIT ?[0m  [["id", 3], ["LIMIT", 1]]
  â†³ app/controllers/application_controller.rb:5
  [1m[36mUser Load (0.2ms)[0m  [1m[34mSELECT  "users".* FROM "users" WHERE "users"."id" = ? LIMIT ?[0m  [["id", 3], ["LIMIT", 1]]
  â†³ app/controllers/users_controller.rb:6
  Rendering users/index.html.erb within layouts/application
  [1m[36mCACHE User Load (0.1ms)[0m  [1m[34mSELECT  "users".* FROM "users" WHERE "users"."id" = ? LIMIT ?[0m  [["id", 3], ["LIMIT", 1]]
  â†³ app/views/users/index.html.erb:25
  [1m[36mPost Load (0.3ms)[0m  [1m[34mSELECT  "posts".* FROM "posts" ORDER BY "posts"."created_at" DESC LIMIT ? OFFSET ?[0m  [["LIMIT", 8], ["OFFSET", 0]]
  â†³ app/views/users/index.html.erb:36
  [1m[36mUser Load (0.4ms)[0m  [1m[34mSELECT  "users".* FROM "users" WHERE "users"."id" = ? LIMIT ?[0m  [["id", 4], ["LIMIT", 1]]
  â†³ app/views/users/index.html.erb:41
  [1m[36mLike Load (0.3ms)[0m  [1m[34mSELECT  "likes".* FROM "likes" WHERE "likes"."user_id" = ? AND "likes"."post_id" = ? LIMIT ?[0m  [["user_id", 3], ["post_id", 9], ["LIMIT", 1]]
  â†³ app/views/users/index.html.erb:55
  [1m[35m (0.3ms)[0m  [1m[34mSELECT COUNT(*) FROM "likes" WHERE "likes"."post_id" = ?[0m  [["post_id", 9]]
  â†³ app/views/users/index.html.erb:64
  [1m[36mUser Load (0.2ms)[0m  [1m[34mSELECT  "users".* FROM "users" WHERE "users"."id" = ? LIMIT ?[0m  [["id", 2], ["LIMIT", 1]]
  â†³ app/views/users/index.html.erb:41
  [1m[36mLike Load (1.1ms)[0m  [1m[34mSELECT  "likes".* FROM "likes" WHERE "likes"."user_id" = ? AND "likes"."post_id" = ? LIMIT ?[0m  [["user_id", 3], ["post_id", 2], ["LIMIT", 1]]
  â†³ app/views/users/index.html.erb:55
  [1m[35m (0.5ms)[0m  [1m[34mSELECT COUNT(*) FROM "likes" WHERE "likes"."post_id" = ?[0m  [["post_id", 2]]
  â†³ app/views/users/index.html.erb:64
  [1m[36mCACHE User Load (0.0ms)[0m  [1m[34mSELECT  "users".* FROM "users" WHERE "users"."id" = ? LIMIT ?[0m  [["id", 3], ["LIMIT", 1]]
  â†³ app/views/users/index.html.erb:41
  [1m[36mLike Load (0.2ms)[0m  [1m[34mSELECT  "likes".* FROM "likes" WHERE "likes"."user_id" = ? AND "likes"."post_id" = ? LIMIT ?[0m  [["user_id", 3], ["post_id", 8], ["LIMIT", 1]]
  â†³ app/views/users/index.html.erb:55
  [1m[35m (0.3ms)[0m  [1m[34mSELECT COUNT(*) FROM "likes" WHERE "likes"."post_id" = ?[0m  [["post_id", 8]]
  â†³ app/views/users/index.html.erb:64
  [1m[35m (0.3ms)[0m  [1m[34mSELECT COUNT(*) FROM "posts"[0m
  â†³ app/views/users/index.html.erb:69
  Rendered users/index.html.erb within layouts/application (59.0ms)
Completed 200 OK in 119ms (Views: 107.8ms | ActiveRecord: 4.3ms)


Started POST "/logout" for ::1 at 2020-02-15 15:38:31 +0900
Processing by UsersController#logout as HTML
  Parameters: {"authenticity_token"=>"WmdOrMK8FmmaBEGyPwdcH5f/sYjlNVASrFTlT4o/7egdl3RppYSDOvoULToByyMHvaeheSA3l3c8BbJb0soAAA=="}
  [1m[36mUser Load (0.6ms)[0m  [1m[34mSELECT  "users".* FROM "users" WHERE "users"."id" = ? LIMIT ?[0m  [["id", 3], ["LIMIT", 1]]
  â†³ app/controllers/application_controller.rb:5
Redirected to http://localhost:3000/login
Completed 302 Found in 5ms (ActiveRecord: 0.6ms)


Started GET "/login" for ::1 at 2020-02-15 15:38:31 +0900
Processing by UsersController#login_form as HTML
  [1m[36mUser Load (0.2ms)[0m  [1m[34mSELECT  "users".* FROM "users" WHERE "users"."id" IS NULL LIMIT ?[0m  [["LIMIT", 1]]
  â†³ app/controllers/application_controller.rb:5
  Rendering users/login_form.html.erb within layouts/application
  Rendered users/login_form.html.erb within layouts/application (1.4ms)
Completed 200 OK in 53ms (Views: 47.6ms | ActiveRecord: 0.2ms)


Started GET "/" for ::1 at 2020-02-15 15:38:33 +0900
Processing by HomeController#top as HTML
  [1m[36mUser Load (0.2ms)[0m  [1m[34mSELECT  "users".* FROM "users" WHERE "users"."id" IS NULL LIMIT ?[0m  [["LIMIT", 1]]
  â†³ app/controllers/application_controller.rb:5
  Rendering home/top.html.erb within layouts/application
  Rendered home/top.html.erb within layouts/application (0.6ms)
Completed 200 OK in 73ms (Views: 65.8ms | ActiveRecord: 0.2ms)


Started GET "/" for ::1 at 2020-02-15 15:39:15 +0900
Processing by HomeController#top as HTML
  [1m[36mUser Load (0.3ms)[0m  [1m[34mSELECT  "users".* FROM "users" WHERE "users"."id" IS NULL LIMIT ?[0m  [["LIMIT", 1]]
  â†³ app/controllers/application_controller.rb:5
  Rendering home/top.html.erb within layouts/application
  Rendered home/top.html.erb within layouts/application (0.7ms)
Completed 200 OK in 53ms (Views: 45.2ms | ActiveRecord: 0.3ms)


Started GET "/" for ::1 at 2020-02-15 15:39:16 +0900
Processing by HomeController#top as HTML
  [1m[36mUser Load (0.1ms)[0m  [1m[34mSELECT  "users".* FROM "users" WHERE "users"."id" IS NULL LIMIT ?[0m  [["LIMIT", 1]]
  â†³ app/controllers/application_controller.rb:5
  Rendering home/top.html.erb within layouts/application
  Rendered home/top.html.erb within layouts/application (0.5ms)
Completed 200 OK in 50ms (Views: 45.6ms | ActiveRecord: 0.1ms)


Started GET "/login" for ::1 at 2020-02-15 15:39:17 +0900
Processing by UsersController#login_form as HTML
  [1m[36mUser Load (0.1ms)[0m  [1m[34mSELECT  "users".* FROM "users" WHERE "users"."id" IS NULL LIMIT ?[0m  [["LIMIT", 1]]
  â†³ app/controllers/application_controller.rb:5
  Rendering users/login_form.html.erb within layouts/application
  Rendered users/login_form.html.erb within layouts/application (0.9ms)
Completed 200 OK in 31ms (Views: 27.0ms | ActiveRecord: 0.1ms)


Started POST "/login" for ::1 at 2020-02-15 15:39:20 +0900
Processing by UsersController#login as HTML
  Parameters: {"utf8"=>"âœ“", "authenticity_token"=>"CcYkYYVkHM3Tx/FaBZ1sJbqGqiUea6PB8PyzKkXRH7RTMmDLK4UtC3h5SK4fGcRWsAsWMgrKK3t0TRkW1YIL1A==", "email"=>"123@gmail.com", "password"=>"[FILTERED]"}
  [1m[36mUser Load (0.1ms)[0m  [1m[34mSELECT  "users".* FROM "users" WHERE "users"."id" IS NULL LIMIT ?[0m  [["LIMIT", 1]]
  â†³ app/controllers/application_controller.rb:5
  [1m[36mUser Load (0.1ms)[0m  [1m[34mSELECT  "users".* FROM "users" WHERE "users"."email" = ? AND "users"."password" = ? LIMIT ?[0m  [["email", "123@gmail.com"], ["password", "111"], ["LIMIT", 1]]
  â†³ app/controllers/users_controller.rb:32
Redirected to http://localhost:3000/users/3/index
Completed 302 Found in 3ms (ActiveRecord: 0.3ms)


Started GET "/users/3/index" for ::1 at 2020-02-15 15:39:20 +0900
Processing by UsersController#index as HTML
  Parameters: {"id"=>"3"}
  [1m[36mUser Load (0.1ms)[0m  [1m[34mSELECT  "users".* FROM "users" WHERE "users"."id" = ? LIMIT ?[0m  [["id", 3], ["LIMIT", 1]]
  â†³ app/controllers/application_controller.rb:5
  [1m[36mUser Load (0.1ms)[0m  [1m[34mSELECT  "users".* FROM "users" WHERE "users"."id" = ? LIMIT ?[0m  [["id", 3], ["LIMIT", 1]]
  â†³ app/controllers/users_controller.rb:6
  Rendering users/index.html.erb within layouts/application
  [1m[36mCACHE User Load (0.0ms)[0m  [1m[34mSELECT  "users".* FROM "users" WHERE "users"."id" = ? LIMIT ?[0m  [["id", 3], ["LIMIT", 1]]
  â†³ app/views/users/index.html.erb:25
  [1m[36mPost Load (0.2ms)[0m  [1m[34mSELECT  "posts".* FROM "posts" ORDER BY "posts"."created_at" DESC LIMIT ? OFFSET ?[0m  [["LIMIT", 8], ["OFFSET", 0]]
  â†³ app/views/users/index.html.erb:36
  [1m[36mUser Load (0.1ms)[0m  [1m[34mSELECT  "users".* FROM "users" WHERE "users"."id" = ? LIMIT ?[0m  [["id", 4], ["LIMIT", 1]]
  â†³ app/views/users/index.html.erb:41
  [1m[36mLike Load (0.1ms)[0m  [1m[34mSELECT  "likes".* FROM "likes" WHERE "likes"."user_id" = ? AND "likes"."post_id" = ? LIMIT ?[0m  [["user_id", 3], ["post_id", 9], ["LIMIT", 1]]
  â†³ app/views/users/index.html.erb:55
  [1m[35m (0.2ms)[0m  [1m[34mSELECT COUNT(*) FROM "likes" WHERE "likes"."post_id" = ?[0m  [["post_id", 9]]
  â†³ app/views/users/index.html.erb:64
  [1m[36mUser Load (0.2ms)[0m  [1m[34mSELECT  "users".* FROM "users" WHERE "users"."id" = ? LIMIT ?[0m  [["id", 2], ["LIMIT", 1]]
  â†³ app/views/users/index.html.erb:41
  [1m[36mLike Load (0.3ms)[0m  [1m[34mSELECT  "likes".* FROM "likes" WHERE "likes"."user_id" = ? AND "likes"."post_id" = ? LIMIT ?[0m  [["user_id", 3], ["post_id", 2], ["LIMIT", 1]]
  â†³ app/views/users/index.html.erb:55
  [1m[35m (0.4ms)[0m  [1m[34mSELECT COUNT(*) FROM "likes" WHERE "likes"."post_id" = ?[0m  [["post_id", 2]]
  â†³ app/views/users/index.html.erb:64
  [1m[36mCACHE User Load (0.0ms)[0m  [1m[34mSELECT  "users".* FROM "users" WHERE "users"."id" = ? LIMIT ?[0m  [["id", 3], ["LIMIT", 1]]
  â†³ app/views/users/index.html.erb:41
  [1m[36mLike Load (0.2ms)[0m  [1m[34mSELECT  "likes".* FROM "likes" WHERE "likes"."user_id" = ? AND "likes"."post_id" = ? LIMIT ?[0m  [["user_id", 3], ["post_id", 8], ["LIMIT", 1]]
  â†³ app/views/users/index.html.erb:55
  [1m[35m (0.2ms)[0m  [1m[34mSELECT COUNT(*) FROM "likes" WHERE "likes"."post_id" = ?[0m  [["post_id", 8]]
  â†³ app/views/users/index.html.erb:64
  [1m[35m (0.1ms)[0m  [1m[34mSELECT COUNT(*) FROM "posts"[0m
  â†³ app/views/users/index.html.erb:69
  Rendered users/index.html.erb within layouts/application (21.9ms)
Completed 200 OK in 65ms (Views: 56.5ms | ActiveRecord: 2.2ms)


Started GET "/users/3/index" for ::1 at 2020-02-15 15:39:22 +0900
Processing by UsersController#index as HTML
  Parameters: {"id"=>"3"}
  [1m[36mUser Load (0.2ms)[0m  [1m[34mSELECT  "users".* FROM "users" WHERE "users"."id" = ? LIMIT ?[0m  [["id", 3], ["LIMIT", 1]]
  â†³ app/controllers/application_controller.rb:5
  [1m[36mUser Load (0.2ms)[0m  [1m[34mSELECT  "users".* FROM "users" WHERE "users"."id" = ? LIMIT ?[0m  [["id", 3], ["LIMIT", 1]]
  â†³ app/controllers/users_controller.rb:6
  Rendering users/index.html.erb within layouts/application
  [1m[36mCACHE User Load (0.0ms)[0m  [1m[34mSELECT  "users".* FROM "users" WHERE "users"."id" = ? LIMIT ?[0m  [["id", 3], ["LIMIT", 1]]
  â†³ app/views/users/index.html.erb:25
  [1m[36mPost Load (0.3ms)[0m  [1m[34mSELECT  "posts".* FROM "posts" ORDER BY "posts"."created_at" DESC LIMIT ? OFFSET ?[0m  [["LIMIT", 8], ["OFFSET", 0]]
  â†³ app/views/users/index.html.erb:36
  [1m[36mUser Load (0.1ms)[0m  [1m[34mSELECT  "users".* FROM "users" WHERE "users"."id" = ? LIMIT ?[0m  [["id", 4], ["LIMIT", 1]]
  â†³ app/views/users/index.html.erb:41
  [1m[36mLike Load (0.1ms)[0m  [1m[34mSELECT  "likes".* FROM "likes" WHERE "likes"."user_id" = ? AND "likes"."post_id" = ? LIMIT ?[0m  [["user_id", 3], ["post_id", 9], ["LIMIT", 1]]
  â†³ app/views/users/index.html.erb:55
  [1m[35m (0.2ms)[0m  [1m[34mSELECT COUNT(*) FROM "likes" WHERE "likes"."post_id" = ?[0m  [["post_id", 9]]
  â†³ app/views/users/index.html.erb:64
  [1m[36mUser Load (0.1ms)[0m  [1m[34mSELECT  "users".* FROM "users" WHERE "users"."id" = ? LIMIT ?[0m  [["id", 2], ["LIMIT", 1]]
  â†³ app/views/users/index.html.erb:41
  [1m[36mLike Load (0.1ms)[0m  [1m[34mSELECT  "likes".* FROM "likes" WHERE "likes"."user_id" = ? AND "likes"."post_id" = ? LIMIT ?[0m  [["user_id", 3], ["post_id", 2], ["LIMIT", 1]]
  â†³ app/views/users/index.html.erb:55
  [1m[35m (0.2ms)[0m  [1m[34mSELECT COUNT(*) FROM "likes" WHERE "likes"."post_id" = ?[0m  [["post_id", 2]]
  â†³ app/views/users/index.html.erb:64
  [1m[36mCACHE User Load (0.0ms)[0m  [1m[34mSELECT  "users".* FROM "users" WHERE "users"."id" = ? LIMIT ?[0m  [["id", 3], ["LIMIT", 1]]
  â†³ app/views/users/index.html.erb:41
  [1m[36mLike Load (0.2ms)[0m  [1m[34mSELECT  "likes".* FROM "likes" WHERE "likes"."user_id" = ? AND "likes"."post_id" = ? LIMIT ?[0m  [["user_id", 3], ["post_id", 8], ["LIMIT", 1]]
  â†³ app/views/users/index.html.erb:55
  [1m[35m (0.2ms)[0m  [1m[34mSELECT COUNT(*) FROM "likes" WHERE "likes"."post_id" = ?[0m  [["post_id", 8]]
  â†³ app/views/users/index.html.erb:64
  [1m[35m (0.2ms)[0m  [1m[34mSELECT COUNT(*) FROM "posts"[0m
  â†³ app/views/users/index.html.erb:69
  Rendered users/index.html.erb within layouts/application (21.4ms)
Completed 200 OK in 69ms (Views: 59.9ms | ActiveRecord: 2.1ms)


Started POST "/logout" for ::1 at 2020-02-15 15:39:24 +0900
Processing by UsersController#logout as HTML
  Parameters: {"authenticity_token"=>"ZX3armg5raLMjdGuzOULrQSgs8bwe2dmkGGkBIsJsTYijeBrDwE48aydvSbyKXS1LvijNzV5oAMAMPMQ0/xc3g=="}
  [1m[36mUser Load (0.2ms)[0m  [1m[34mSELECT  "users".* FROM "users" WHERE "users"."id" = ? LIMIT ?[0m  [["id", 3], ["LIMIT", 1]]
  â†³ app/controllers/application_controller.rb:5
Redirected to http://localhost:3000/login
Completed 302 Found in 2ms (ActiveRecord: 0.2ms)


Started GET "/login" for ::1 at 2020-02-15 15:39:24 +0900
Processing by UsersController#login_form as HTML
  [1m[36mUser Load (0.1ms)[0m  [1m[34mSELECT  "users".* FROM "users" WHERE "users"."id" IS NULL LIMIT ?[0m  [["LIMIT", 1]]
  â†³ app/controllers/application_controller.rb:5
  Rendering users/login_form.html.erb within layouts/application
  Rendered users/login_form.html.erb within layouts/application (0.8ms)
Completed 200 OK in 37ms (Views: 27.2ms | ActiveRecord: 0.1ms)


Started GET "/" for ::1 at 2020-02-15 15:39:26 +0900
Processing by HomeController#top as HTML
  [1m[36mUser Load (0.1ms)[0m  [1m[34mSELECT  "users".* FROM "users" WHERE "users"."id" IS NULL LIMIT ?[0m  [["LIMIT", 1]]
  â†³ app/controllers/application_controller.rb:5
  Rendering home/top.html.erb within layouts/application
  Rendered home/top.html.erb within layouts/application (2.1ms)
Completed 200 OK in 63ms (Views: 58.4ms | ActiveRecord: 0.1ms)


Started GET "/signup" for ::1 at 2020-02-15 15:39:27 +0900
Processing by UsersController#new as HTML
  [1m[36mUser Load (0.2ms)[0m  [1m[34mSELECT  "users".* FROM "users" WHERE "users"."id" IS NULL LIMIT ?[0m  [["LIMIT", 1]]
  â†³ app/controllers/application_controller.rb:5
  Rendering users/new.html.erb within layouts/application
  Rendered users/new.html.erb within layouts/application (37.0ms)
Completed 200 OK in 88ms (Views: 78.5ms | ActiveRecord: 0.2ms)


Started GET "/" for ::1 at 2020-02-15 15:39:29 +0900
Processing by HomeController#top as HTML
  [1m[36mUser Load (0.3ms)[0m  [1m[34mSELECT  "users".* FROM "users" WHERE "users"."id" IS NULL LIMIT ?[0m  [["LIMIT", 1]]
  â†³ app/controllers/application_controller.rb:5
  Rendering home/top.html.erb within layouts/application
  Rendered home/top.html.erb within layouts/application (2.0ms)
Completed 200 OK in 74ms (Views: 68.9ms | ActiveRecord: 0.3ms)


Started GET "/" for ::1 at 2020-02-15 15:39:47 +0900
Processing by HomeController#top as HTML
  [1m[36mUser Load (0.2ms)[0m  [1m[34mSELECT  "users".* FROM "users" WHERE "users"."id" IS NULL LIMIT ?[0m  [["LIMIT", 1]]
  â†³ app/controllers/application_controller.rb:5
  Rendering home/top.html.erb within layouts/application
  Rendered home/top.html.erb within layouts/application (0.7ms)
Completed 200 OK in 46ms (Views: 41.1ms | ActiveRecord: 0.2ms)


Started GET "/" for ::1 at 2020-02-15 15:39:48 +0900
Processing by HomeController#top as HTML
  [1m[36mUser Load (0.3ms)[0m  [1m[34mSELECT  "users".* FROM "users" WHERE "users"."id" IS NULL LIMIT ?[0m  [["LIMIT", 1]]
  â†³ app/controllers/application_controller.rb:5
  Rendering home/top.html.erb within layouts/application
  Rendered home/top.html.erb within layouts/application (0.5ms)
Completed 200 OK in 56ms (Views: 48.3ms | ActiveRecord: 0.3ms)


Started GET "/login" for ::1 at 2020-02-15 15:39:49 +0900
Processing by UsersController#login_form as HTML
  [1m[36mUser Load (0.2ms)[0m  [1m[34mSELECT  "users".* FROM "users" WHERE "users"."id" IS NULL LIMIT ?[0m  [["LIMIT", 1]]
  â†³ app/controllers/application_controller.rb:5
  Rendering users/login_form.html.erb within layouts/application
  Rendered users/login_form.html.erb within layouts/application (1.8ms)
Completed 200 OK in 51ms (Views: 47.1ms | ActiveRecord: 0.2ms)


Started POST "/login" for ::1 at 2020-02-15 15:39:52 +0900
Processing by UsersController#login as HTML
  Parameters: {"utf8"=>"âœ“", "authenticity_token"=>"ZTa0gGHBQ+cbFWmH6QBGnbrl6lrfAxjx7tvjTY7gMdc/wvAqzyByIbCr0HPzhO7usGhWTcuikEtqaklxHrMltw==", "email"=>"123@gmail.com", "password"=>"[FILTERED]"}
  [1m[36mUser Load (0.3ms)[0m  [1m[34mSELECT  "users".* FROM "users" WHERE "users"."id" IS NULL LIMIT ?[0m  [["LIMIT", 1]]
  â†³ app/controllers/application_controller.rb:5
  [1m[36mUser Load (0.3ms)[0m  [1m[34mSELECT  "users".* FROM "users" WHERE "users"."email" = ? AND "users"."password" = ? LIMIT ?[0m  [["email", "123@gmail.com"], ["password", "111"], ["LIMIT", 1]]
  â†³ app/controllers/users_controller.rb:32
Redirected to http://localhost:3000/users/3/index
Completed 302 Found in 5ms (ActiveRecord: 0.6ms)


Started GET "/users/3/index" for ::1 at 2020-02-15 15:39:52 +0900
Processing by UsersController#index as HTML
  Parameters: {"id"=>"3"}
  [1m[36mUser Load (0.1ms)[0m  [1m[34mSELECT  "users".* FROM "users" WHERE "users"."id" = ? LIMIT ?[0m  [["id", 3], ["LIMIT", 1]]
  â†³ app/controllers/application_controller.rb:5
  [1m[36mUser Load (0.1ms)[0m  [1m[34mSELECT  "users".* FROM "users" WHERE "users"."id" = ? LIMIT ?[0m  [["id", 3], ["LIMIT", 1]]
  â†³ app/controllers/users_controller.rb:6
  Rendering users/index.html.erb within layouts/application
  [1m[36mCACHE User Load (0.1ms)[0m  [1m[34mSELECT  "users".* FROM "users" WHERE "users"."id" = ? LIMIT ?[0m  [["id", 3], ["LIMIT", 1]]
  â†³ app/views/users/index.html.erb:25
  [1m[36mPost Load (0.2ms)[0m  [1m[34mSELECT  "posts".* FROM "posts" ORDER BY "posts"."created_at" DESC LIMIT ? OFFSET ?[0m  [["LIMIT", 8], ["OFFSET", 0]]
  â†³ app/views/users/index.html.erb:36
  [1m[36mUser Load (0.3ms)[0m  [1m[34mSELECT  "users".* FROM "users" WHERE "users"."id" = ? LIMIT ?[0m  [["id", 4], ["LIMIT", 1]]
  â†³ app/views/users/index.html.erb:41
  [1m[36mLike Load (0.1ms)[0m  [1m[34mSELECT  "likes".* FROM "likes" WHERE "likes"."user_id" = ? AND "likes"."post_id" = ? LIMIT ?[0m  [["user_id", 3], ["post_id", 9], ["LIMIT", 1]]
  â†³ app/views/users/index.html.erb:55
  [1m[35m (0.2ms)[0m  [1m[34mSELECT COUNT(*) FROM "likes" WHERE "likes"."post_id" = ?[0m  [["post_id", 9]]
  â†³ app/views/users/index.html.erb:64
  [1m[36mUser Load (0.1ms)[0m  [1m[34mSELECT  "users".* FROM "users" WHERE "users"."id" = ? LIMIT ?[0m  [["id", 2], ["LIMIT", 1]]
  â†³ app/views/users/index.html.erb:41
  [1m[36mLike Load (0.1ms)[0m  [1m[34mSELECT  "likes".* FROM "likes" WHERE "likes"."user_id" = ? AND "likes"."post_id" = ? LIMIT ?[0m  [["user_id", 3], ["post_id", 2], ["LIMIT", 1]]
  â†³ app/views/users/index.html.erb:55
  [1m[35m (0.2ms)[0m  [1m[34mSELECT COUNT(*) FROM "likes" WHERE "likes"."post_id" = ?[0m  [["post_id", 2]]
  â†³ app/views/users/index.html.erb:64
  [1m[36mCACHE User Load (0.0ms)[0m  [1m[34mSELECT  "users".* FROM "users" WHERE "users"."id" = ? LIMIT ?[0m  [["id", 3], ["LIMIT", 1]]
  â†³ app/views/users/index.html.erb:41
  [1m[36mLike Load (0.1ms)[0m  [1m[34mSELECT  "likes".* FROM "likes" WHERE "likes"."user_id" = ? AND "likes"."post_id" = ? LIMIT ?[0m  [["user_id", 3], ["post_id", 8], ["LIMIT", 1]]
  â†³ app/views/users/index.html.erb:55
  [1m[35m (0.2ms)[0m  [1m[34mSELECT COUNT(*) FROM "likes" WHERE "likes"."post_id" = ?[0m  [["post_id", 8]]
  â†³ app/views/users/index.html.erb:64
  [1m[35m (0.1ms)[0m  [1m[34mSELECT COUNT(*) FROM "posts"[0m
  â†³ app/views/users/index.html.erb:69
  Rendered users/index.html.erb within layouts/application (33.4ms)
Completed 200 OK in 86ms (Views: 79.4ms | ActiveRecord: 2.0ms)


Started GET "/posts/3/search?utf8=%E2%9C%93&search=%E3%82%88%E3%82%8D%E3%81%97%E3%81%8F" for ::1 at 2020-02-15 15:39:56 +0900
Processing by PostsController#search as HTML
  Parameters: {"utf8"=>"âœ“", "search"=>"ã‚ˆã‚ã—ã", "id"=>"3"}
  [1m[36mUser Load (0.2ms)[0m  [1m[34mSELECT  "users".* FROM "users" WHERE "users"."id" = ? LIMIT ?[0m  [["id", 3], ["LIMIT", 1]]
  â†³ app/controllers/application_controller.rb:5
  Rendering posts/search.html.erb within layouts/application
  [1m[36mCACHE User Load (0.0ms)[0m  [1m[34mSELECT  "users".* FROM "users" WHERE "users"."id" = ? LIMIT ?[0m  [["id", 3], ["LIMIT", 1]]
  â†³ app/views/posts/search.html.erb:25
  [1m[36mPost Load (0.3ms)[0m  [1m[34mSELECT  "posts".* FROM "posts" WHERE (content LIKE '%ã‚ˆã‚ã—ã%') ORDER BY "posts"."created_at" DESC LIMIT ? OFFSET ?[0m  [["LIMIT", 8], ["OFFSET", 0]]
  â†³ app/views/posts/search.html.erb:36
  [1m[36mUser Load (0.2ms)[0m  [1m[34mSELECT  "users".* FROM "users" WHERE "users"."id" = ? LIMIT ?[0m  [["id", 4], ["LIMIT", 1]]
  â†³ app/views/posts/search.html.erb:40
  [1m[36mLike Load (1.1ms)[0m  [1m[34mSELECT  "likes".* FROM "likes" WHERE "likes"."user_id" = ? AND "likes"."post_id" = ? LIMIT ?[0m  [["user_id", 3], ["post_id", 9], ["LIMIT", 1]]
  â†³ app/views/posts/search.html.erb:53
  [1m[35m (0.3ms)[0m  [1m[34mSELECT COUNT(*) FROM "likes" WHERE "likes"."post_id" = ?[0m  [["post_id", 9]]
  â†³ app/views/posts/search.html.erb:62
  [1m[35m (0.3ms)[0m  [1m[34mSELECT COUNT(*) FROM "posts" WHERE (content LIKE '%ã‚ˆã‚ã—ã%')[0m
  â†³ app/views/posts/search.html.erb:67
  Rendered posts/search.html.erb within layouts/application (25.1ms)
Completed 200 OK in 63ms (Views: 54.0ms | ActiveRecord: 2.4ms)


Started GET "/posts/3/new" for ::1 at 2020-02-15 15:39:58 +0900
Processing by PostsController#new as HTML
  Parameters: {"id"=>"3"}
  [1m[36mUser Load (0.9ms)[0m  [1m[34mSELECT  "users".* FROM "users" WHERE "users"."id" = ? LIMIT ?[0m  [["id", 3], ["LIMIT", 1]]
  â†³ app/controllers/application_controller.rb:5
  [1m[36mUser Load (0.2ms)[0m  [1m[34mSELECT  "users".* FROM "users" WHERE "users"."id" = ? LIMIT ?[0m  [["id", 3], ["LIMIT", 1]]
  â†³ app/controllers/posts_controller.rb:15
  Rendering posts/new.html.erb within layouts/application
  [1m[36mCACHE User Load (0.0ms)[0m  [1m[34mSELECT  "users".* FROM "users" WHERE "users"."id" = ? LIMIT ?[0m  [["id", 3], ["LIMIT", 1]]
  â†³ app/views/posts/new.html.erb:19
  Rendered posts/new.html.erb within layouts/application (6.3ms)
Completed 200 OK in 94ms (Views: 81.7ms | ActiveRecord: 1.1ms)


Started GET "/posts/3/new" for ::1 at 2020-02-15 15:39:59 +0900
Processing by PostsController#new as HTML
  Parameters: {"id"=>"3"}
  [1m[36mUser Load (0.4ms)[0m  [1m[34mSELECT  "users".* FROM "users" WHERE "users"."id" = ? LIMIT ?[0m  [["id", 3], ["LIMIT", 1]]
  â†³ app/controllers/application_controller.rb:5
  [1m[36mUser Load (0.3ms)[0m  [1m[34mSELECT  "users".* FROM "users" WHERE "users"."id" = ? LIMIT ?[0m  [["id", 3], ["LIMIT", 1]]
  â†³ app/controllers/posts_controller.rb:15
  Rendering posts/new.html.erb within layouts/application
  [1m[36mCACHE User Load (0.0ms)[0m  [1m[34mSELECT  "users".* FROM "users" WHERE "users"."id" = ? LIMIT ?[0m  [["id", 3], ["LIMIT", 1]]
  â†³ app/views/posts/new.html.erb:19
  Rendered posts/new.html.erb within layouts/application (2.1ms)
Completed 200 OK in 64ms (Views: 55.6ms | ActiveRecord: 0.7ms)


Started GET "/profile/3/regist" for ::1 at 2020-02-15 15:40:00 +0900
Processing by ProfileController#regist_form as HTML
  Parameters: {"id"=>"3"}
  [1m[36mUser Load (0.3ms)[0m  [1m[34mSELECT  "users".* FROM "users" WHERE "users"."id" = ? LIMIT ?[0m  [["id", 3], ["LIMIT", 1]]
  â†³ app/controllers/application_controller.rb:5
  [1m[36mUser Load (0.3ms)[0m  [1m[34mSELECT  "users".* FROM "users" WHERE "users"."id" = ? LIMIT ?[0m  [["id", 3], ["LIMIT", 1]]
  â†³ app/controllers/profile_controller.rb:9
  Rendering profile/regist_form.html.erb within layouts/application
  [1m[36mCACHE User Load (0.0ms)[0m  [1m[34mSELECT  "users".* FROM "users" WHERE "users"."id" = ? LIMIT ?[0m  [["id", 3], ["LIMIT", 1]]
  â†³ app/views/profile/regist_form.html.erb:19
  Rendered profile/regist_form.html.erb within layouts/application (2.1ms)
Completed 200 OK in 62ms (Views: 55.1ms | ActiveRecord: 0.7ms)


Started GET "/profile/3/confirm" for ::1 at 2020-02-15 15:40:00 +0900
Processing by ProfileController#confirm as HTML
  Parameters: {"id"=>"3"}
  [1m[36mUser Load (0.1ms)[0m  [1m[34mSELECT  "users".* FROM "users" WHERE "users"."id" = ? LIMIT ?[0m  [["id", 3], ["LIMIT", 1]]
  â†³ app/controllers/application_controller.rb:5
  [1m[36mUser Load (0.1ms)[0m  [1m[34mSELECT  "users".* FROM "users" WHERE "users"."id" = ? LIMIT ?[0m  [["id", 3], ["LIMIT", 1]]
  â†³ app/controllers/profile_controller.rb:31
  Rendering profile/confirm.html.erb within layouts/application
  [1m[36mCACHE User Load (0.0ms)[0m  [1m[34mSELECT  "users".* FROM "users" WHERE "users"."id" = ? LIMIT ?[0m  [["id", 3], ["LIMIT", 1]]
  â†³ app/views/profile/confirm.html.erb:19
  Rendered profile/confirm.html.erb within layouts/application (2.6ms)
Completed 200 OK in 69ms (Views: 60.1ms | ActiveRecord: 0.3ms)


Started GET "/profile/3" for ::1 at 2020-02-15 15:40:01 +0900
Processing by ProfileController#show as HTML
  Parameters: {"id"=>"3"}
  [1m[36mUser Load (0.2ms)[0m  [1m[34mSELECT  "users".* FROM "users" WHERE "users"."id" = ? LIMIT ?[0m  [["id", 3], ["LIMIT", 1]]
  â†³ app/controllers/application_controller.rb:5
  [1m[36mUser Load (0.5ms)[0m  [1m[34mSELECT  "users".* FROM "users" WHERE "users"."id" = ? LIMIT ?[0m  [["id", 3], ["LIMIT", 1]]
  â†³ app/controllers/profile_controller.rb:5
  Rendering profile/show.html.erb within layouts/application
  [1m[36mCACHE User Load (0.0ms)[0m  [1m[34mSELECT  "users".* FROM "users" WHERE "users"."id" = ? LIMIT ?[0m  [["id", 3], ["LIMIT", 1]]
  â†³ app/views/profile/show.html.erb:19
  Rendered profile/show.html.erb within layouts/application (3.7ms)
Completed 200 OK in 65ms (Views: 55.2ms | ActiveRecord: 0.8ms)


Started POST "/logout" for ::1 at 2020-02-15 15:40:02 +0900
Processing by UsersController#logout as HTML
  Parameters: {"authenticity_token"=>"vO2gY1qfBRIT0KxnRw8EyuY2NmteOpNJ3GL6kV7O7N37HZqmPaeQQXPAwO95w3vSzG4mmps4VCxMM62FBjsBNQ=="}
  [1m[36mUser Load (0.2ms)[0m  [1m[34mSELECT  "users".* FROM "users" WHERE "users"."id" = ? LIMIT ?[0m  [["id", 3], ["LIMIT", 1]]
  â†³ app/controllers/application_controller.rb:5
Redirected to http://localhost:3000/login
Completed 302 Found in 2ms (ActiveRecord: 0.2ms)


Started GET "/login" for ::1 at 2020-02-15 15:40:02 +0900
Processing by UsersController#login_form as HTML
  [1m[36mUser Load (0.1ms)[0m  [1m[34mSELECT  "users".* FROM "users" WHERE "users"."id" IS NULL LIMIT ?[0m  [["LIMIT", 1]]
  â†³ app/controllers/application_controller.rb:5
  Rendering users/login_form.html.erb within layouts/application
  Rendered users/login_form.html.erb within layouts/application (0.9ms)
Completed 200 OK in 36ms (Views: 32.3ms | ActiveRecord: 0.1ms)


Started GET "/" for ::1 at 2020-02-15 15:40:03 +0900
Processing by HomeController#top as HTML
  [1m[36mUser Load (0.2ms)[0m  [1m[34mSELECT  "users".* FROM "users" WHERE "users"."id" IS NULL LIMIT ?[0m  [["LIMIT", 1]]
  â†³ app/controllers/application_controller.rb:5
  Rendering home/top.html.erb within layouts/application
  Rendered home/top.html.erb within layouts/application (0.8ms)
Completed 200 OK in 62ms (Views: 55.3ms | ActiveRecord: 0.2ms)


Started GET "/signup" for ::1 at 2020-02-15 15:40:05 +0900
Processing by UsersController#new as HTML
  [1m[36mUser Load (0.1ms)[0m  [1m[34mSELECT  "users".* FROM "users" WHERE "users"."id" IS NULL LIMIT ?[0m  [["LIMIT", 1]]
  â†³ app/controllers/application_controller.rb:5
  Rendering users/new.html.erb within layouts/application
  Rendered users/new.html.erb within layouts/application (2.8ms)
Completed 200 OK in 77ms (Views: 70.2ms | ActiveRecord: 0.1ms)


Started GET "/" for ::1 at 2020-02-15 15:40:06 +0900
Processing by HomeController#top as HTML
  [1m[36mUser Load (0.2ms)[0m  [1m[34mSELECT  "users".* FROM "users" WHERE "users"."id" IS NULL LIMIT ?[0m  [["LIMIT", 1]]
  â†³ app/controllers/application_controller.rb:5
  Rendering home/top.html.erb within layouts/application
  Rendered home/top.html.erb within layouts/application (2.0ms)
Completed 200 OK in 81ms (Views: 72.8ms | ActiveRecord: 0.2ms)


Started GET "/" for ::1 at 2020-02-15 15:40:30 +0900
Processing by HomeController#top as HTML
  [1m[36mUser Load (1.4ms)[0m  [1m[34mSELECT  "users".* FROM "users" WHERE "users"."id" IS NULL LIMIT ?[0m  [["LIMIT", 1]]
  â†³ app/controllers/application_controller.rb:5
  Rendering home/top.html.erb within layouts/application
  Rendered home/top.html.erb within layouts/application (0.6ms)
Completed 200 OK in 71ms (Views: 57.1ms | ActiveRecord: 1.9ms)


Started GET "/" for ::1 at 2020-02-15 15:40:34 +0900
Processing by HomeController#top as HTML
  [1m[36mUser Load (0.3ms)[0m  [1m[34mSELECT  "users".* FROM "users" WHERE "users"."id" IS NULL LIMIT ?[0m  [["LIMIT", 1]]
  â†³ app/controllers/application_controller.rb:5
  Rendering home/top.html.erb within layouts/application
  Rendered home/top.html.erb within layouts/application (1.6ms)
Completed 200 OK in 38ms (Views: 32.7ms | ActiveRecord: 0.3ms)


Started GET "/" for ::1 at 2020-02-15 15:40:35 +0900
Processing by HomeController#top as HTML
  [1m[36mUser Load (0.2ms)[0m  [1m[34mSELECT  "users".* FROM "users" WHERE "users"."id" IS NULL LIMIT ?[0m  [["LIMIT", 1]]
  â†³ app/controllers/application_controller.rb:5
  Rendering home/top.html.erb within layouts/application
  Rendered home/top.html.erb within layouts/application (1.9ms)
Completed 200 OK in 55ms (Views: 49.6ms | ActiveRecord: 0.2ms)


Started GET "/login" for ::1 at 2020-02-15 15:40:36 +0900
Processing by UsersController#login_form as HTML
  [1m[36mUser Load (0.1ms)[0m  [1m[34mSELECT  "users".* FROM "users" WHERE "users"."id" IS NULL LIMIT ?[0m  [["LIMIT", 1]]
  â†³ app/controllers/application_controller.rb:5
  Rendering users/login_form.html.erb within layouts/application
  Rendered users/login_form.html.erb within layouts/application (0.9ms)
Completed 200 OK in 34ms (Views: 30.0ms | ActiveRecord: 0.1ms)


Started POST "/login" for ::1 at 2020-02-15 15:40:40 +0900
Processing by UsersController#login as HTML
  Parameters: {"utf8"=>"âœ“", "authenticity_token"=>"ufboL/s5SrZEh9pDn+4UViuh5tRQ25aZ+Ocl7iYt063jAqyFVdh7cO85Y7eFarwlISxaw0R6HiN8Vo/Stn7HzQ==", "email"=>"123@gmail.com", "password"=>"[FILTERED]"}
  [1m[36mUser Load (0.1ms)[0m  [1m[34mSELECT  "users".* FROM "users" WHERE "users"."id" IS NULL LIMIT ?[0m  [["LIMIT", 1]]
  â†³ app/controllers/application_controller.rb:5
  [1m[36mUser Load (0.2ms)[0m  [1m[34mSELECT  "users".* FROM "users" WHERE "users"."email" = ? AND "users"."password" = ? LIMIT ?[0m  [["email", "123@gmail.com"], ["password", "111"], ["LIMIT", 1]]
  â†³ app/controllers/users_controller.rb:32
Redirected to http://localhost:3000/users/3/index
Completed 302 Found in 25ms (ActiveRecord: 1.8ms)


Started GET "/users/3/index" for ::1 at 2020-02-15 15:40:40 +0900
Processing by UsersController#index as HTML
  Parameters: {"id"=>"3"}
  [1m[36mUser Load (0.2ms)[0m  [1m[34mSELECT  "users".* FROM "users" WHERE "users"."id" = ? LIMIT ?[0m  [["id", 3], ["LIMIT", 1]]
  â†³ app/controllers/application_controller.rb:5
  [1m[36mUser Load (0.2ms)[0m  [1m[34mSELECT  "users".* FROM "users" WHERE "users"."id" = ? LIMIT ?[0m  [["id", 3], ["LIMIT", 1]]
  â†³ app/controllers/users_controller.rb:6
  Rendering users/index.html.erb within layouts/application
  [1m[36mCACHE User Load (0.0ms)[0m  [1m[34mSELECT  "users".* FROM "users" WHERE "users"."id" = ? LIMIT ?[0m  [["id", 3], ["LIMIT", 1]]
  â†³ app/views/users/index.html.erb:25
  [1m[36mPost Load (1.4ms)[0m  [1m[34mSELECT  "posts".* FROM "posts" ORDER BY "posts"."created_at" DESC LIMIT ? OFFSET ?[0m  [["LIMIT", 8], ["OFFSET", 0]]
  â†³ app/views/users/index.html.erb:36
  [1m[36mUser Load (0.2ms)[0m  [1m[34mSELECT  "users".* FROM "users" WHERE "users"."id" = ? LIMIT ?[0m  [["id", 4], ["LIMIT", 1]]
  â†³ app/views/users/index.html.erb:41
  [1m[36mLike Load (1.1ms)[0m  [1m[34mSELECT  "likes".* FROM "likes" WHERE "likes"."user_id" = ? AND "likes"."post_id" = ? LIMIT ?[0m  [["user_id", 3], ["post_id", 9], ["LIMIT", 1]]
  â†³ app/views/users/index.html.erb:55
  [1m[35m (0.3ms)[0m  [1m[34mSELECT COUNT(*) FROM "likes" WHERE "likes"."post_id" = ?[0m  [["post_id", 9]]
  â†³ app/views/users/index.html.erb:64
  [1m[36mUser Load (0.2ms)[0m  [1m[34mSELECT  "users".* FROM "users" WHERE "users"."id" = ? LIMIT ?[0m  [["id", 2], ["LIMIT", 1]]
  â†³ app/views/users/index.html.erb:41
  [1m[36mLike Load (0.1ms)[0m  [1m[34mSELECT  "likes".* FROM "likes" WHERE "likes"."user_id" = ? AND "likes"."post_id" = ? LIMIT ?[0m  [["user_id", 3], ["post_id", 2], ["LIMIT", 1]]
  â†³ app/views/users/index.html.erb:55
  [1m[35m (0.2ms)[0m  [1m[34mSELECT COUNT(*) FROM "likes" WHERE "likes"."post_id" = ?[0m  [["post_id", 2]]
  â†³ app/views/users/index.html.erb:64
  [1m[36mCACHE User Load (0.0ms)[0m  [1m[34mSELECT  "users".* FROM "users" WHERE "users"."id" = ? LIMIT ?[0m  [["id", 3], ["LIMIT", 1]]
  â†³ app/views/users/index.html.erb:41
  [1m[36mLike Load (0.1ms)[0m  [1m[34mSELECT  "likes".* FROM "likes" WHERE "likes"."user_id" = ? AND "likes"."post_id" = ? LIMIT ?[0m  [["user_id", 3], ["post_id", 8], ["LIMIT", 1]]
  â†³ app/views/users/index.html.erb:55
  [1m[35m (0.3ms)[0m  [1m[34mSELECT COUNT(*) FROM "likes" WHERE "likes"."post_id" = ?[0m  [["post_id", 8]]
  â†³ app/views/users/index.html.erb:64
  [1m[35m (0.2ms)[0m  [1m[34mSELECT COUNT(*) FROM "posts"[0m
  â†³ app/views/users/index.html.erb:69
  Rendered users/index.html.erb within layouts/application (53.0ms)
Completed 200 OK in 149ms (Views: 129.2ms | ActiveRecord: 6.8ms)


Started GET "/users/3/index" for ::1 at 2020-02-15 15:40:42 +0900
Processing by UsersController#index as HTML
  Parameters: {"id"=>"3"}
  [1m[36mUser Load (0.2ms)[0m  [1m[34mSELECT  "users".* FROM "users" WHERE "users"."id" = ? LIMIT ?[0m  [["id", 3], ["LIMIT", 1]]
  â†³ app/controllers/application_controller.rb:5
  [1m[36mUser Load (1.2ms)[0m  [1m[34mSELECT  "users".* FROM "users" WHERE "users"."id" = ? LIMIT ?[0m  [["id", 3], ["LIMIT", 1]]
  â†³ app/controllers/users_controller.rb:6
  Rendering users/index.html.erb within layouts/application
  [1m[36mCACHE User Load (0.0ms)[0m  [1m[34mSELECT  "users".* FROM "users" WHERE "users"."id" = ? LIMIT ?[0m  [["id", 3], ["LIMIT", 1]]
  â†³ app/views/users/index.html.erb:25
  [1m[36mPost Load (0.2ms)[0m  [1m[34mSELECT  "posts".* FROM "posts" ORDER BY "posts"."created_at" DESC LIMIT ? OFFSET ?[0m  [["LIMIT", 8], ["OFFSET", 0]]
  â†³ app/views/users/index.html.erb:36
  [1m[36mUser Load (0.1ms)[0m  [1m[34mSELECT  "users".* FROM "users" WHERE "users"."id" = ? LIMIT ?[0m  [["id", 4], ["LIMIT", 1]]
  â†³ app/views/users/index.html.erb:41
  [1m[36mLike Load (0.1ms)[0m  [1m[34mSELECT  "likes".* FROM "likes" WHERE "likes"."user_id" = ? AND "likes"."post_id" = ? LIMIT ?[0m  [["user_id", 3], ["post_id", 9], ["LIMIT", 1]]
  â†³ app/views/users/index.html.erb:55
  [1m[35m (0.2ms)[0m  [1m[34mSELECT COUNT(*) FROM "likes" WHERE "likes"."post_id" = ?[0m  [["post_id", 9]]
  â†³ app/views/users/index.html.erb:64
  [1m[36mUser Load (0.3ms)[0m  [1m[34mSELECT  "users".* FROM "users" WHERE "users"."id" = ? LIMIT ?[0m  [["id", 2], ["LIMIT", 1]]
  â†³ app/views/users/index.html.erb:41
  [1m[36mLike Load (0.2ms)[0m  [1m[34mSELECT  "likes".* FROM "likes" WHERE "likes"."user_id" = ? AND "likes"."post_id" = ? LIMIT ?[0m  [["user_id", 3], ["post_id", 2], ["LIMIT", 1]]
  â†³ app/views/users/index.html.erb:55
  [1m[35m (0.3ms)[0m  [1m[34mSELECT COUNT(*) FROM "likes" WHERE "likes"."post_id" = ?[0m  [["post_id", 2]]
  â†³ app/views/users/index.html.erb:64
  [1m[36mCACHE User Load (0.0ms)[0m  [1m[34mSELECT  "users".* FROM "users" WHERE "users"."id" = ? LIMIT ?[0m  [["id", 3], ["LIMIT", 1]]
  â†³ app/views/users/index.html.erb:41
  [1m[36mLike Load (0.3ms)[0m  [1m[34mSELECT  "likes".* FROM "likes" WHERE "likes"."user_id" = ? AND "likes"."post_id" = ? LIMIT ?[0m  [["user_id", 3], ["post_id", 8], ["LIMIT", 1]]
  â†³ app/views/users/index.html.erb:55
  [1m[35m (0.4ms)[0m  [1m[34mSELECT COUNT(*) FROM "likes" WHERE "likes"."post_id" = ?[0m  [["post_id", 8]]
  â†³ app/views/users/index.html.erb:64
  [1m[35m (0.2ms)[0m  [1m[34mSELECT COUNT(*) FROM "posts"[0m
  â†³ app/views/users/index.html.erb:69
  Rendered users/index.html.erb within layouts/application (32.4ms)
Completed 200 OK in 91ms (Views: 80.3ms | ActiveRecord: 3.8ms)


Started GET "/profile/3" for ::1 at 2020-02-15 15:40:44 +0900
Processing by ProfileController#show as HTML
  Parameters: {"id"=>"3"}
  [1m[36mUser Load (0.4ms)[0m  [1m[34mSELECT  "users".* FROM "users" WHERE "users"."id" = ? LIMIT ?[0m  [["id", 3], ["LIMIT", 1]]
  â†³ app/controllers/application_controller.rb:5
  [1m[36mUser Load (0.2ms)[0m  [1m[34mSELECT  "users".* FROM "users" WHERE "users"."id" = ? LIMIT ?[0m  [["id", 3], ["LIMIT", 1]]
  â†³ app/controllers/profile_controller.rb:5
  Rendering profile/show.html.erb within layouts/application
  [1m[36mCACHE User Load (0.2ms)[0m  [1m[34mSELECT  "users".* FROM "users" WHERE "users"."id" = ? LIMIT ?[0m  [["id", 3], ["LIMIT", 1]]
  â†³ app/views/profile/show.html.erb:19
  Rendered profile/show.html.erb within layouts/application (6.5ms)
Completed 200 OK in 65ms (Views: 54.3ms | ActiveRecord: 0.9ms)


Started POST "/logout" for ::1 at 2020-02-15 15:40:46 +0900
Processing by UsersController#logout as HTML
  Parameters: {"authenticity_token"=>"iZtaT8QDrci1wiZO8oPYvHpkdPtGlrC6xldppQQqhJ3Oa2CKozs4m9XSSsbMT6ekUDxkCoOUd99WBj6xXN9pdQ=="}
  [1m[36mUser Load (2.1ms)[0m  [1m[34mSELECT  "users".* FROM "users" WHERE "users"."id" = ? LIMIT ?[0m  [["id", 3], ["LIMIT", 1]]
  â†³ app/controllers/application_controller.rb:5
Redirected to http://localhost:3000/login
Completed 302 Found in 5ms (ActiveRecord: 2.1ms)


Started GET "/login" for ::1 at 2020-02-15 15:40:46 +0900
Processing by UsersController#login_form as HTML
  [1m[36mUser Load (0.2ms)[0m  [1m[34mSELECT  "users".* FROM "users" WHERE "users"."id" IS NULL LIMIT ?[0m  [["LIMIT", 1]]
  â†³ app/controllers/application_controller.rb:5
  Rendering users/login_form.html.erb within layouts/application
  Rendered users/login_form.html.erb within layouts/application (1.9ms)
Completed 200 OK in 31ms (Views: 27.0ms | ActiveRecord: 0.2ms)


Started GET "/" for ::1 at 2020-02-15 15:40:48 +0900
Processing by HomeController#top as HTML
  [1m[36mUser Load (0.2ms)[0m  [1m[34mSELECT  "users".* FROM "users" WHERE "users"."id" IS NULL LIMIT ?[0m  [["LIMIT", 1]]
  â†³ app/controllers/application_controller.rb:5
  Rendering home/top.html.erb within layouts/application
  Rendered home/top.html.erb within layouts/application (0.7ms)
Completed 200 OK in 68ms (Views: 58.9ms | ActiveRecord: 0.2ms)


Started GET "/signup" for ::1 at 2020-02-15 15:40:49 +0900
Processing by UsersController#new as HTML
  [1m[36mUser Load (0.6ms)[0m  [1m[34mSELECT  "users".* FROM "users" WHERE "users"."id" IS NULL LIMIT ?[0m  [["LIMIT", 1]]
  â†³ app/controllers/application_controller.rb:5
  Rendering users/new.html.erb within layouts/application
  Rendered users/new.html.erb within layouts/application (5.3ms)
Completed 200 OK in 68ms (Views: 58.6ms | ActiveRecord: 0.6ms)


Started GET "/" for ::1 at 2020-02-15 15:40:51 +0900
Processing by HomeController#top as HTML
  [1m[36mUser Load (0.1ms)[0m  [1m[34mSELECT  "users".* FROM "users" WHERE "users"."id" IS NULL LIMIT ?[0m  [["LIMIT", 1]]
  â†³ app/controllers/application_controller.rb:5
  Rendering home/top.html.erb within layouts/application
  Rendered home/top.html.erb within layouts/application (1.3ms)
Completed 200 OK in 90ms (Views: 86.7ms | ActiveRecord: 0.1ms)


